0 verbose cli /opt/homebrew/Cellar/node/24.10.0/bin/node /opt/homebrew/bin/npm
1 info using npm@11.6.0
2 info using node@v24.10.0
3 silly config load:file:/opt/homebrew/lib/node_modules/npm/npmrc
4 silly config load:file:/Users/nurahmed/Developer/email-api/.npmrc
5 silly config load:file:/Users/nurahmed/.npmrc
6 silly config load:file:/opt/homebrew/etc/npmrc
7 verbose title npm install @tailwindcss/typography @tailwindcss/forms
8 verbose argv "install" "--save-dev" "@tailwindcss/typography" "@tailwindcss/forms"
9 verbose logfile logs-max:10 dir:/Users/nurahmed/Developer/email-api/.npm-cache/_logs/2025-11-16T15_18_15_172Z-
10 verbose logfile /Users/nurahmed/Developer/email-api/.npm-cache/_logs/2025-11-16T15_18_15_172Z-debug-0.log
11 silly logfile done cleaning log files
12 silly packumentCache heap:2348810240 maxSize:587202560 maxEntrySize:293601280
13 silly idealTree buildDeps
14 silly fetch manifest @tailwindcss/typography@*
15 silly packumentCache full:https://registry.npmjs.org/@tailwindcss%2ftypography cache-miss
16 http fetch GET 200 https://registry.npmjs.org/@tailwindcss%2ftypography 922ms (cache miss)
17 silly packumentCache full:https://registry.npmjs.org/@tailwindcss%2ftypography set size:undefined disposed:false
18 silly fetch manifest tailwindcss@3.4.14
19 silly packumentCache full:https://registry.npmjs.org/tailwindcss cache-miss
20 http fetch GET 200 https://registry.npmjs.org/tailwindcss 59ms (cache revalidated)
21 silly packumentCache full:https://registry.npmjs.org/tailwindcss set size:9850300 disposed:false
22 silly fetch manifest @tailwindcss/forms@*
23 silly packumentCache full:https://registry.npmjs.org/@tailwindcss%2fforms cache-miss
24 http fetch GET 200 https://registry.npmjs.org/@tailwindcss%2fforms 50ms (cache miss)
25 silly packumentCache full:https://registry.npmjs.org/@tailwindcss%2fforms set size:undefined disposed:false
26 silly placeDep ROOT @tailwindcss/forms@0.5.10 OK for: mail-api@0.1.0 want: *
27 silly placeDep ROOT @tailwindcss/typography@0.5.19 OK for: mail-api@0.1.0 want: *
28 silly fetch manifest mini-svg-data-uri@^1.2.3
29 silly packumentCache full:https://registry.npmjs.org/mini-svg-data-uri cache-miss
30 silly fetch manifest postcss-selector-parser@6.0.10
31 silly packumentCache full:https://registry.npmjs.org/postcss-selector-parser cache-miss
32 http fetch GET 200 https://registry.npmjs.org/mini-svg-data-uri 32ms (cache miss)
33 silly packumentCache full:https://registry.npmjs.org/mini-svg-data-uri set size:undefined disposed:false
34 http fetch GET 200 https://registry.npmjs.org/postcss-selector-parser 84ms (cache revalidated)
35 silly packumentCache full:https://registry.npmjs.org/postcss-selector-parser set size:174136 disposed:false
36 silly placeDep ROOT mini-svg-data-uri@1.4.4 OK for: @tailwindcss/forms@0.5.10 want: ^1.2.3
37 silly placeDep node_modules/@tailwindcss/typography postcss-selector-parser@6.0.10 OK for: @tailwindcss/typography@0.5.19 want: 6.0.10
38 silly reify moves {}
39 silly audit bulk request {
39 silly audit   '@alloc/quick-lru': [ '5.2.0' ],
39 silly audit   '@emnapi/core': [ '1.7.1' ],
39 silly audit   '@emnapi/runtime': [ '1.7.1' ],
39 silly audit   '@emnapi/wasi-threads': [ '1.1.0' ],
39 silly audit   '@eslint-community/eslint-utils': [ '4.9.0' ],
39 silly audit   '@eslint-community/regexpp': [ '4.12.2' ],
39 silly audit   '@eslint/eslintrc': [ '2.1.4' ],
39 silly audit   '@eslint/js': [ '8.57.0' ],
39 silly audit   '@humanwhocodes/config-array': [ '0.11.14' ],
39 silly audit   '@humanwhocodes/module-importer': [ '1.0.1' ],
39 silly audit   '@humanwhocodes/object-schema': [ '2.0.3' ],
39 silly audit   '@isaacs/cliui': [ '8.0.2' ],
39 silly audit   'ansi-regex': [ '6.2.2', '5.0.1' ],
39 silly audit   'strip-ansi': [ '7.1.2', '6.0.1' ],
39 silly audit   '@jridgewell/gen-mapping': [ '0.3.13' ],
39 silly audit   '@jridgewell/resolve-uri': [ '3.1.2' ],
39 silly audit   '@jridgewell/sourcemap-codec': [ '1.5.5' ],
39 silly audit   '@jridgewell/trace-mapping': [ '0.3.31' ],
39 silly audit   '@mongodb-js/saslprep': [ '1.3.2' ],
39 silly audit   '@napi-rs/wasm-runtime': [ '0.2.12' ],
39 silly audit   '@next/env': [ '14.2.5' ],
39 silly audit   '@next/eslint-plugin-next': [ '14.2.5' ],
39 silly audit   '@next/swc-darwin-arm64': [ '14.2.5' ],
39 silly audit   '@next/swc-darwin-x64': [ '14.2.5' ],
39 silly audit   '@next/swc-linux-arm64-gnu': [ '14.2.5' ],
39 silly audit   '@next/swc-linux-arm64-musl': [ '14.2.5' ],
39 silly audit   '@next/swc-linux-x64-gnu': [ '14.2.5' ],
39 silly audit   '@next/swc-linux-x64-musl': [ '14.2.5' ],
39 silly audit   '@next/swc-win32-arm64-msvc': [ '14.2.5' ],
39 silly audit   '@next/swc-win32-ia32-msvc': [ '14.2.5' ],
39 silly audit   '@next/swc-win32-x64-msvc': [ '14.2.5' ],
39 silly audit   '@nodelib/fs.scandir': [ '2.1.5' ],
39 silly audit   '@nodelib/fs.stat': [ '2.0.5' ],
39 silly audit   '@nodelib/fs.walk': [ '1.2.8' ],
39 silly audit   '@nolyfill/is-core-module': [ '1.0.39' ],
39 silly audit   '@pkgjs/parseargs': [ '0.11.0' ],
39 silly audit   '@rtsao/scc': [ '1.1.0' ],
39 silly audit   '@rushstack/eslint-patch': [ '1.15.0' ],
39 silly audit   '@swc/counter': [ '0.1.3' ],
39 silly audit   '@swc/helpers': [ '0.5.5' ],
39 silly audit   '@tybys/wasm-util': [ '0.10.1' ],
39 silly audit   '@types/json5': [ '0.0.29' ],
39 silly audit   '@types/node': [ '24.10.1' ],
39 silly audit   '@types/react': [ '19.2.5' ],
39 silly audit   '@types/webidl-conversions': [ '7.0.3' ],
39 silly audit   '@types/whatwg-url': [ '11.0.5' ],
39 silly audit   '@typescript-eslint/parser': [ '7.2.0' ],
39 silly audit   '@typescript-eslint/scope-manager': [ '7.2.0' ],
39 silly audit   '@typescript-eslint/types': [ '7.2.0' ],
39 silly audit   '@typescript-eslint/typescript-estree': [ '7.2.0' ],
39 silly audit   'brace-expansion': [ '2.0.2', '1.1.12' ],
39 silly audit   minimatch: [ '9.0.3', '9.0.5', '3.1.2' ],
39 silly audit   '@typescript-eslint/visitor-keys': [ '7.2.0' ],
39 silly audit   '@ungap/structured-clone': [ '1.3.0' ],
39 silly audit   '@unrs/resolver-binding-android-arm-eabi': [ '1.11.1' ],
39 silly audit   '@unrs/resolver-binding-android-arm64': [ '1.11.1' ],
39 silly audit   '@unrs/resolver-binding-darwin-arm64': [ '1.11.1' ],
39 silly audit   '@unrs/resolver-binding-darwin-x64': [ '1.11.1' ],
39 silly audit   '@unrs/resolver-binding-freebsd-x64': [ '1.11.1' ],
39 silly audit   '@unrs/resolver-binding-linux-arm-gnueabihf': [ '1.11.1' ],
39 silly audit   '@unrs/resolver-binding-linux-arm-musleabihf': [ '1.11.1' ],
39 silly audit   '@unrs/resolver-binding-linux-arm64-gnu': [ '1.11.1' ],
39 silly audit   '@unrs/resolver-binding-linux-arm64-musl': [ '1.11.1' ],
39 silly audit   '@unrs/resolver-binding-linux-ppc64-gnu': [ '1.11.1' ],
39 silly audit   '@unrs/resolver-binding-linux-riscv64-gnu': [ '1.11.1' ],
39 silly audit   '@unrs/resolver-binding-linux-riscv64-musl': [ '1.11.1' ],
39 silly audit   '@unrs/resolver-binding-linux-s390x-gnu': [ '1.11.1' ],
39 silly audit   '@unrs/resolver-binding-linux-x64-gnu': [ '1.11.1' ],
39 silly audit   '@unrs/resolver-binding-linux-x64-musl': [ '1.11.1' ],
39 silly audit   '@unrs/resolver-binding-wasm32-wasi': [ '1.11.1' ],
39 silly audit   '@unrs/resolver-binding-win32-arm64-msvc': [ '1.11.1' ],
39 silly audit   '@unrs/resolver-binding-win32-ia32-msvc': [ '1.11.1' ],
39 silly audit   '@unrs/resolver-binding-win32-x64-msvc': [ '1.11.1' ],
39 silly audit   acorn: [ '8.15.0' ],
39 silly audit   'acorn-jsx': [ '5.3.2' ],
39 silly audit   ajv: [ '6.12.6' ],
39 silly audit   'ansi-styles': [ '4.3.0', '6.2.3' ],
39 silly audit   'any-promise': [ '1.3.0' ],
39 silly audit   anymatch: [ '3.1.3' ],
39 silly audit   arg: [ '5.0.2' ],
39 silly audit   argparse: [ '2.0.1' ],
39 silly audit   'aria-query': [ '5.3.2' ],
39 silly audit   'array-buffer-byte-length': [ '1.0.2' ],
39 silly audit   'array-includes': [ '3.1.9' ],
39 silly audit   'array-union': [ '2.1.0' ],
39 silly audit   'array.prototype.findlast': [ '1.2.5' ],
39 silly audit   'array.prototype.findlastindex': [ '1.2.6' ],
39 silly audit   'array.prototype.flat': [ '1.3.3' ],
39 silly audit   'array.prototype.flatmap': [ '1.3.3' ],
39 silly audit   'array.prototype.tosorted': [ '1.1.4' ],
39 silly audit   'arraybuffer.prototype.slice': [ '1.0.4' ],
39 silly audit   'ast-types-flow': [ '0.0.8' ],
39 silly audit   'async-function': [ '1.0.0' ],
39 silly audit   autoprefixer: [ '10.4.20' ],
39 silly audit   'available-typed-arrays': [ '1.0.7' ],
39 silly audit   'axe-core': [ '4.11.0' ],
39 silly audit   'axobject-query': [ '4.1.0' ],
39 silly audit   'balanced-match': [ '1.0.2' ],
39 silly audit   'baseline-browser-mapping': [ '2.8.28' ],
39 silly audit   'binary-extensions': [ '2.3.0' ],
39 silly audit   braces: [ '3.0.3' ],
39 silly audit   browserslist: [ '4.28.0' ],
39 silly audit   bson: [ '6.10.4' ],
39 silly audit   busboy: [ '1.6.0' ],
39 silly audit   'call-bind': [ '1.0.8' ],
39 silly audit   'call-bind-apply-helpers': [ '1.0.2' ],
39 silly audit   'call-bound': [ '1.0.4' ],
39 silly audit   callsites: [ '3.1.0' ],
39 silly audit   'camelcase-css': [ '2.0.1' ],
39 silly audit   'caniuse-lite': [ '1.0.30001755' ],
39 silly audit   chalk: [ '4.1.2' ],
39 silly audit   chokidar: [ '3.6.0' ],
39 silly audit   'glob-parent': [ '5.1.2', '6.0.2' ],
39 silly audit   'client-only': [ '0.0.1' ],
39 silly audit   'color-convert': [ '2.0.1' ],
39 silly audit   'color-name': [ '1.1.4' ],
39 silly audit   commander: [ '4.1.1' ],
39 silly audit   'concat-map': [ '0.0.1' ],
39 silly audit   cookie: [ '0.6.0' ],
39 silly audit   'cross-spawn': [ '7.0.6' ],
39 silly audit   cssesc: [ '3.0.0' ],
39 silly audit   csstype: [ '3.2.2' ],
39 silly audit   'damerau-levenshtein': [ '1.0.8' ],
39 silly audit   'data-view-buffer': [ '1.0.2' ],
39 silly audit   'data-view-byte-length': [ '1.0.2' ],
39 silly audit   'data-view-byte-offset': [ '1.0.1' ],
39 silly audit   dayjs: [ '1.11.13' ],
39 silly audit   debug: [ '4.4.3', '3.2.7' ],
39 silly audit   'deep-is': [ '0.1.4' ],
39 silly audit   'define-data-property': [ '1.1.4' ],
39 silly audit   'define-properties': [ '1.2.1' ],
39 silly audit   didyoumean: [ '1.2.2' ],
39 silly audit   'dir-glob': [ '3.0.1' ],
39 silly audit   dlv: [ '1.1.3' ],
39 silly audit   doctrine: [ '3.0.0', '2.1.0' ],
39 silly audit   'dunder-proto': [ '1.0.1' ],
39 silly audit   eastasianwidth: [ '0.2.0' ],
39 silly audit   'electron-to-chromium': [ '1.5.254' ],
39 silly audit   'emoji-regex': [ '9.2.2', '8.0.0' ],
39 silly audit   'es-abstract': [ '1.24.0' ],
39 silly audit   'es-define-property': [ '1.0.1' ],
39 silly audit   'es-errors': [ '1.3.0' ],
39 silly audit   'es-iterator-helpers': [ '1.2.1' ],
39 silly audit   'es-object-atoms': [ '1.1.1' ],
39 silly audit   'es-set-tostringtag': [ '2.1.0' ],
39 silly audit   'es-shim-unscopables': [ '1.1.0' ],
39 silly audit   'es-to-primitive': [ '1.3.0' ],
39 silly audit   escalade: [ '3.2.0' ],
39 silly audit   'escape-string-regexp': [ '4.0.0' ],
39 silly audit   eslint: [ '8.57.0' ],
39 silly audit   'eslint-config-next': [ '14.2.5' ],
39 silly audit   'eslint-import-resolver-node': [ '0.3.9' ],
39 silly audit   'eslint-import-resolver-typescript': [ '3.10.1' ],
39 silly audit   'eslint-module-utils': [ '2.12.1' ],
39 silly audit   'eslint-plugin-import': [ '2.32.0' ],
39 silly audit   semver: [ '6.3.1', '7.7.3' ],
39 silly audit   'eslint-plugin-jsx-a11y': [ '6.10.2' ],
39 silly audit   'eslint-plugin-react': [ '7.37.5' ],
39 silly audit   'eslint-plugin-react-hooks': [ '5.0.0-canary-7118f5dd7-20230705' ],
39 silly audit   resolve: [ '2.0.0-next.5', '1.22.11' ],
39 silly audit   'eslint-scope': [ '7.2.2' ],
39 silly audit   'eslint-visitor-keys': [ '3.4.3' ],
39 silly audit   espree: [ '9.6.1' ],
39 silly audit   esquery: [ '1.6.0' ],
39 silly audit   esrecurse: [ '4.3.0' ],
39 silly audit   estraverse: [ '5.3.0' ],
39 silly audit   esutils: [ '2.0.3' ],
39 silly audit   'fast-deep-equal': [ '3.1.3' ],
39 silly audit   'fast-glob': [ '3.3.3' ],
39 silly audit   'fast-json-stable-stringify': [ '2.1.0' ],
39 silly audit   'fast-levenshtein': [ '2.0.6' ],
39 silly audit   fastq: [ '1.19.1' ],
39 silly audit   'file-entry-cache': [ '6.0.1' ],
39 silly audit   'fill-range': [ '7.1.1' ],
39 silly audit   'find-up': [ '5.0.0' ],
39 silly audit   'flat-cache': [ '3.2.0' ],
39 silly audit   flatted: [ '3.3.3' ],
39 silly audit   'for-each': [ '0.3.5' ],
39 silly audit   'foreground-child': [ '3.3.1' ],
39 silly audit   'fraction.js': [ '4.3.7' ],
39 silly audit   'fs.realpath': [ '1.0.0' ],
39 silly audit   fsevents: [ '2.3.3' ],
39 silly audit   'function-bind': [ '1.1.2' ],
39 silly audit   'function.prototype.name': [ '1.1.8' ],
39 silly audit   'functions-have-names': [ '1.2.3' ],
39 silly audit   'generator-function': [ '2.0.1' ],
39 silly audit   'get-intrinsic': [ '1.3.0' ],
39 silly audit   'get-proto': [ '1.0.1' ],
39 silly audit   'get-symbol-description': [ '1.1.0' ],
39 silly audit   'get-tsconfig': [ '4.13.0' ],
39 silly audit   glob: [ '10.3.10', '7.2.3' ],
39 silly audit   globals: [ '13.24.0' ],
39 silly audit   globalthis: [ '1.0.4' ],
39 silly audit   globby: [ '11.1.0' ],
39 silly audit   gopd: [ '1.2.0' ],
39 silly audit   'graceful-fs': [ '4.2.11' ],
39 silly audit   graphemer: [ '1.4.0' ],
39 silly audit   'has-bigints': [ '1.1.0' ],
39 silly audit   'has-flag': [ '4.0.0' ],
39 silly audit   'has-property-descriptors': [ '1.0.2' ],
39 silly audit   'has-proto': [ '1.2.0' ],
39 silly audit   'has-symbols': [ '1.1.0' ],
39 silly audit   'has-tostringtag': [ '1.0.2' ],
39 silly audit   hasown: [ '2.0.2' ],
39 silly audit   ignore: [ '5.3.2' ],
39 silly audit   'import-fresh': [ '3.3.1' ],
39 silly audit   imurmurhash: [ '0.1.4' ],
39 silly audit   inflight: [ '1.0.6' ],
39 silly audit   inherits: [ '2.0.4' ],
39 silly audit   'internal-slot': [ '1.1.0' ],
39 silly audit   'iron-session': [ '8.0.1' ],
39 silly audit   'iron-webcrypto': [ '1.0.0' ],
39 silly audit   'is-array-buffer': [ '3.0.5' ],
39 silly audit   'is-async-function': [ '2.1.1' ],
39 silly audit   'is-bigint': [ '1.1.0' ],
39 silly audit   'is-binary-path': [ '2.1.0' ],
39 silly audit   'is-boolean-object': [ '1.2.2' ],
39 silly audit   'is-bun-module': [ '2.0.0' ],
39 silly audit   'is-callable': [ '1.2.7' ],
39 silly audit   'is-core-module': [ '2.16.1' ],
39 silly audit   'is-data-view': [ '1.0.2' ],
39 silly audit   'is-date-object': [ '1.1.0' ],
39 silly audit   'is-extglob': [ '2.1.1' ],
39 silly audit   'is-finalizationregistry': [ '1.1.1' ],
39 silly audit   'is-fullwidth-code-point': [ '3.0.0' ],
39 silly audit   'is-generator-function': [ '1.1.2' ],
39 silly audit   'is-glob': [ '4.0.3' ],
39 silly audit   'is-map': [ '2.0.3' ],
39 silly audit   'is-negative-zero': [ '2.0.3' ],
39 silly audit   'is-number': [ '7.0.0' ],
39 silly audit   'is-number-object': [ '1.1.1' ],
39 silly audit   'is-path-inside': [ '3.0.3' ],
39 silly audit   'is-regex': [ '1.2.1' ],
39 silly audit   'is-set': [ '2.0.3' ],
39 silly audit   'is-shared-array-buffer': [ '1.0.4' ],
39 silly audit   'is-string': [ '1.1.1' ],
39 silly audit   'is-symbol': [ '1.1.1' ],
39 silly audit   'is-typed-array': [ '1.1.15' ],
39 silly audit   'is-weakmap': [ '2.0.2' ],
39 silly audit   'is-weakref': [ '1.1.1' ],
39 silly audit   'is-weakset': [ '2.0.4' ],
39 silly audit   isarray: [ '2.0.5' ],
39 silly audit   isexe: [ '2.0.0' ],
39 silly audit   'iterator.prototype': [ '1.1.5' ],
39 silly audit   jackspeak: [ '2.3.6' ],
39 silly audit   jiti: [ '1.21.7' ],
39 silly audit   'js-tokens': [ '4.0.0' ],
39 silly audit   'js-yaml': [ '4.1.1' ],
39 silly audit   'json-buffer': [ '3.0.1' ],
39 silly audit   'json-schema-traverse': [ '0.4.1' ],
39 silly audit   'json-stable-stringify-without-jsonify': [ '1.0.1' ],
39 silly audit   json5: [ '1.0.2' ],
39 silly audit   'jsx-ast-utils': [ '3.3.5' ],
39 silly audit   keyv: [ '4.5.4' ],
39 silly audit   'language-subtag-registry': [ '0.3.23' ],
39 silly audit   'language-tags': [ '1.0.9' ],
39 silly audit   levn: [ '0.4.1' ],
39 silly audit   lilconfig: [ '2.1.0', '3.1.3' ],
39 silly audit   'lines-and-columns': [ '1.2.4' ],
39 silly audit   'locate-path': [ '6.0.0' ],
39 silly audit   'lodash.merge': [ '4.6.2' ],
39 silly audit   'loose-envify': [ '1.4.0' ],
39 silly audit   'lru-cache': [ '10.4.3' ],
39 silly audit   'math-intrinsics': [ '1.1.0' ],
39 silly audit   'memory-pager': [ '1.5.0' ],
39 silly audit   merge2: [ '1.4.1' ],
39 silly audit   micromatch: [ '4.0.8' ],
39 silly audit   minimist: [ '1.2.8' ],
39 silly audit   minipass: [ '7.1.2' ],
39 silly audit   mongodb: [ '6.9.0' ],
39 silly audit   'mongodb-connection-string-url': [ '3.0.2' ],
39 silly audit   ms: [ '2.1.3' ],
39 silly audit   mz: [ '2.7.0' ],
39 silly audit   nanoid: [ '3.3.11' ],
39 silly audit   'napi-postinstall': [ '0.3.4' ],
39 silly audit   'natural-compare': [ '1.4.0' ],
39 silly audit   next: [ '14.2.5' ],
39 silly audit   postcss: [ '8.4.31', '8.4.47' ],
39 silly audit   'node-releases': [ '2.0.27' ],
39 silly audit   nodemailer: [ '7.0.10' ],
39 silly audit   'normalize-path': [ '3.0.0' ],
39 silly audit   'normalize-range': [ '0.1.2' ],
39 silly audit   'object-assign': [ '4.1.1' ],
39 silly audit   'object-hash': [ '3.0.0' ],
39 silly audit   'object-inspect': [ '1.13.4' ],
39 silly audit   'object-keys': [ '1.1.1' ],
39 silly audit   'object.assign': [ '4.1.7' ],
39 silly audit   'object.entries': [ '1.1.9' ],
39 silly audit   'object.fromentries': [ '2.0.8' ],
39 silly audit   'object.groupby': [ '1.0.3' ],
39 silly audit   'object.values': [ '1.2.1' ],
39 silly audit   once: [ '1.4.0' ],
39 silly audit   optionator: [ '0.9.4' ],
39 silly audit   'own-keys': [ '1.0.1' ],
39 silly audit   'p-limit': [ '3.1.0' ],
39 silly audit   'p-locate': [ '5.0.0' ],
39 silly audit   'parent-module': [ '1.0.1' ],
39 silly audit   'path-exists': [ '4.0.0' ],
39 silly audit   'path-is-absolute': [ '1.0.1' ],
39 silly audit   'path-key': [ '3.1.1' ],
39 silly audit   'path-parse': [ '1.0.7' ],
39 silly audit   'path-scurry': [ '1.11.1' ],
39 silly audit   'path-type': [ '4.0.0' ],
39 silly audit   picocolors: [ '1.1.1' ],
39 silly audit   picomatch: [ '2.3.1', '4.0.3' ],
39 silly audit   pify: [ '2.3.0' ],
39 silly audit   pirates: [ '4.0.7' ],
39 silly audit   'possible-typed-array-names': [ '1.1.0' ],
39 silly audit   'postcss-import': [ '15.1.0' ],
39 silly audit   'postcss-js': [ '4.1.0' ],
39 silly audit   'postcss-nested': [ '6.2.0' ],
39 silly audit   'postcss-selector-parser': [ '6.1.2', '6.0.10' ],
39 silly audit   'postcss-value-parser': [ '4.2.0' ],
39 silly audit   'prelude-ls': [ '1.2.1' ],
39 silly audit   'prop-types': [ '15.8.1' ],
39 silly audit   punycode: [ '2.3.1' ],
39 silly audit   'queue-microtask': [ '1.2.3' ],
39 silly audit   react: [ '18.3.1' ],
39 silly audit   'react-dom': [ '18.3.1' ],
39 silly audit   'react-is': [ '16.13.1' ],
39 silly audit   'read-cache': [ '1.0.0' ],
39 silly audit   readdirp: [ '3.6.0' ],
39 silly audit   'reflect.getprototypeof': [ '1.0.10' ],
39 silly audit   'regexp.prototype.flags': [ '1.5.4' ],
39 silly audit   'resolve-from': [ '4.0.0' ],
39 silly audit   'resolve-pkg-maps': [ '1.0.0' ],
39 silly audit   reusify: [ '1.1.0' ],
39 silly audit   rimraf: [ '3.0.2' ],
39 silly audit   'run-parallel': [ '1.2.0' ],
39 silly audit   'safe-array-concat': [ '1.1.3' ],
39 silly audit   'safe-push-apply': [ '1.0.0' ],
39 silly audit   'safe-regex-test': [ '1.1.0' ],
39 silly audit   scheduler: [ '0.23.2' ],
39 silly audit   'set-function-length': [ '1.2.2' ],
39 silly audit   'set-function-name': [ '2.0.2' ],
39 silly audit   'set-proto': [ '1.0.0' ],
39 silly audit   'shebang-command': [ '2.0.0' ],
39 silly audit   'shebang-regex': [ '3.0.0' ],
39 silly audit   'side-channel': [ '1.1.0' ],
39 silly audit   'side-channel-list': [ '1.0.0' ],
39 silly audit   'side-channel-map': [ '1.0.1' ],
39 silly audit   'side-channel-weakmap': [ '1.0.2' ],
39 silly audit   'signal-exit': [ '4.1.0' ],
39 silly audit   slash: [ '3.0.0' ],
39 silly audit   'source-map-js': [ '1.2.1' ],
39 silly audit   'sparse-bitfield': [ '3.0.3' ],
39 silly audit   'stable-hash': [ '0.0.5' ],
39 silly audit   'stop-iteration-iterator': [ '1.1.0' ],
39 silly audit   streamsearch: [ '1.1.0' ],
39 silly audit   'string-width': [ '5.1.2', '4.2.3' ],
39 silly audit   'string.prototype.includes': [ '2.0.1' ],
39 silly audit   'string.prototype.matchall': [ '4.0.12' ],
39 silly audit   'string.prototype.repeat': [ '1.0.0' ],
39 silly audit   'string.prototype.trim': [ '1.2.10' ],
39 silly audit   'string.prototype.trimend': [ '1.0.9' ],
39 silly audit   'string.prototype.trimstart': [ '1.0.8' ],
39 silly audit   'strip-bom': [ '3.0.0' ],
39 silly audit   'strip-json-comments': [ '3.1.1' ],
39 silly audit   'styled-jsx': [ '5.1.1' ],
39 silly audit   sucrase: [ '3.35.0' ],
39 silly audit   'supports-color': [ '7.2.0' ],
39 silly audit   'supports-preserve-symlinks-flag': [ '1.0.0' ],
39 silly audit   tailwindcss: [ '3.4.14' ],
39 silly audit   'postcss-load-config': [ '4.0.2' ],
39 silly audit   'text-table': [ '0.2.0' ],
39 silly audit   thenify: [ '3.3.1' ],
39 silly audit   'thenify-all': [ '1.6.0' ],
39 silly audit   tinyglobby: [ '0.2.15' ],
39 silly audit   fdir: [ '6.5.0' ],
39 silly audit   'to-regex-range': [ '5.0.1' ],
39 silly audit   tr46: [ '5.1.1' ],
39 silly audit   'ts-api-utils': [ '1.4.3' ],
39 silly audit   'ts-interface-checker': [ '0.1.13' ],
39 silly audit   'tsconfig-paths': [ '3.15.0' ],
39 silly audit   tslib: [ '2.8.1' ],
39 silly audit   'type-check': [ '0.4.0' ],
39 silly audit   'type-fest': [ '0.20.2' ],
39 silly audit   'typed-array-buffer': [ '1.0.3' ],
39 silly audit   'typed-array-byte-length': [ '1.0.3' ],
39 silly audit   'typed-array-byte-offset': [ '1.0.4' ],
39 silly audit   'typed-array-length': [ '1.0.7' ],
39 silly audit   typescript: [ '5.6.2' ],
39 silly audit   'unbox-primitive': [ '1.1.0' ],
39 silly audit   uncrypto: [ '0.1.3' ],
39 silly audit   'undici-types': [ '7.16.0' ],
39 silly audit   'unrs-resolver': [ '1.11.1' ],
39 silly audit   'update-browserslist-db': [ '1.1.4' ],
39 silly audit   'uri-js': [ '4.4.1' ],
39 silly audit   'util-deprecate': [ '1.0.2' ],
39 silly audit   'webidl-conversions': [ '7.0.0' ],
39 silly audit   'whatwg-url': [ '14.2.0' ],
39 silly audit   which: [ '2.0.2' ],
39 silly audit   'which-boxed-primitive': [ '1.1.1' ],
39 silly audit   'which-builtin-type': [ '1.2.1' ],
39 silly audit   'which-collection': [ '1.0.2' ],
39 silly audit   'which-typed-array': [ '1.1.19' ],
39 silly audit   'word-wrap': [ '1.2.5' ],
39 silly audit   'wrap-ansi': [ '8.1.0', '7.0.0' ],
39 silly audit   wrappy: [ '1.0.2' ],
39 silly audit   yaml: [ '2.8.1' ],
39 silly audit   'yocto-queue': [ '0.1.0' ],
39 silly audit   zod: [ '3.23.8' ],
39 silly audit   '@tailwindcss/forms': [ '0.5.10' ],
39 silly audit   '@tailwindcss/typography': [ '0.5.19' ],
39 silly audit   'mini-svg-data-uri': [ '1.4.4' ]
39 silly audit }
40 http cache mini-svg-data-uri@https://registry.npmjs.org/mini-svg-data-uri/-/mini-svg-data-uri-1.4.4.tgz 0ms (cache hit)
41 http cache @tailwindcss/typography@https://registry.npmjs.org/@tailwindcss/typography/-/typography-0.5.19.tgz 0ms (cache hit)
42 http cache postcss-selector-parser@https://registry.npmjs.org/postcss-selector-parser/-/postcss-selector-parser-6.0.10.tgz 0ms (cache hit)
43 http cache @tailwindcss/forms@https://registry.npmjs.org/@tailwindcss/forms/-/forms-0.5.10.tgz 0ms (cache hit)
44 silly tarball no local data for mini-svg-data-uri@https://registry.npmjs.org/mini-svg-data-uri/-/mini-svg-data-uri-1.4.4.tgz. Extracting by manifest.
45 silly tarball no local data for @tailwindcss/typography@https://registry.npmjs.org/@tailwindcss/typography/-/typography-0.5.19.tgz. Extracting by manifest.
46 silly tarball no local data for @tailwindcss/forms@https://registry.npmjs.org/@tailwindcss/forms/-/forms-0.5.10.tgz. Extracting by manifest.
47 silly tarball no local data for postcss-selector-parser@https://registry.npmjs.org/postcss-selector-parser/-/postcss-selector-parser-6.0.10.tgz. Extracting by manifest.
48 http fetch GET 200 https://registry.npmjs.org/mini-svg-data-uri/-/mini-svg-data-uri-1.4.4.tgz 36ms (cache miss)
49 http fetch GET 200 https://registry.npmjs.org/@tailwindcss/forms/-/forms-0.5.10.tgz 79ms (cache miss)
50 http fetch GET 200 https://registry.npmjs.org/postcss-selector-parser/-/postcss-selector-parser-6.0.10.tgz 87ms (cache miss)
51 http fetch GET 200 https://registry.npmjs.org/@tailwindcss/typography/-/typography-0.5.19.tgz 127ms (cache miss)
52 http fetch POST 200 https://registry.npmjs.org/-/npm/v1/security/advisories/bulk 290ms
53 silly audit report {
53 silly audit report   cookie: [
53 silly audit report     {
53 silly audit report       id: 1103907,
53 silly audit report       url: 'https://github.com/advisories/GHSA-pxg6-pf52-xh8x',
53 silly audit report       title: 'cookie accepts cookie name, path, and domain with out of bounds characters',
53 silly audit report       severity: 'low',
53 silly audit report       vulnerable_versions: '<0.7.0',
53 silly audit report       cwe: [Array],
53 silly audit report       cvss: [Object]
53 silly audit report     }
53 silly audit report   ],
53 silly audit report   next: [
53 silly audit report     {
53 silly audit report       id: 1099638,
53 silly audit report       url: 'https://github.com/advisories/GHSA-gp8f-8m3g-qvj9',
53 silly audit report       title: 'Next.js Cache Poisoning',
53 silly audit report       severity: 'high',
53 silly audit report       vulnerable_versions: '>=14.0.0 <14.2.10',
53 silly audit report       cwe: [Array],
53 silly audit report       cvss: [Object]
53 silly audit report     },
53 silly audit report     {
53 silly audit report       id: 1100421,
53 silly audit report       url: 'https://github.com/advisories/GHSA-g77x-44xx-532m',
53 silly audit report       title: 'Denial of Service condition in Next.js image optimization',
53 silly audit report       severity: 'moderate',
53 silly audit report       vulnerable_versions: '>=10.0.0 <14.2.7',
53 silly audit report       cwe: [Array],
53 silly audit report       cvss: [Object]
53 silly audit report     },
53 silly audit report     {
53 silly audit report       id: 1101438,
53 silly audit report       url: 'https://github.com/advisories/GHSA-7m27-7ghc-44w9',
53 silly audit report       title: 'Next.js Allows a Denial of Service (DoS) with Server Actions',
53 silly audit report       severity: 'moderate',
53 silly audit report       vulnerable_versions: '>=14.0.0 <14.2.21',
53 silly audit report       cwe: [Array],
53 silly audit report       cvss: [Object]
53 silly audit report     },
53 silly audit report     {
53 silly audit report       id: 1105461,
53 silly audit report       url: 'https://github.com/advisories/GHSA-3h52-269p-cp9r',
53 silly audit report       title: 'Information exposure in Next.js dev server due to lack of origin verification',
53 silly audit report       severity: 'low',
53 silly audit report       vulnerable_versions: '>=13.0 <14.2.30',
53 silly audit report       cwe: [Array],
53 silly audit report       cvss: [Object]
53 silly audit report     },
53 silly audit report     {
53 silly audit report       id: 1107226,
53 silly audit report       url: 'https://github.com/advisories/GHSA-g5qg-72qw-gw5v',
53 silly audit report       title: 'Next.js Affected by Cache Key Confusion for Image Optimization API Routes',
53 silly audit report       severity: 'moderate',
53 silly audit report       vulnerable_versions: '>=0.9.9 <14.2.31',
53 silly audit report       cwe: [Array],
53 silly audit report       cvss: [Object]
53 silly audit report     },
53 silly audit report     {
53 silly audit report       id: 1107420,
53 silly audit report       url: 'https://github.com/advisories/GHSA-7gfc-8cq8-jh5f',
53 silly audit report       title: 'Next.js authorization bypass vulnerability',
53 silly audit report       severity: 'high',
53 silly audit report       vulnerable_versions: '>=9.5.5 <14.2.15',
53 silly audit report       cwe: [Array],
53 silly audit report       cvss: [Object]
53 silly audit report     },
53 silly audit report     {
53 silly audit report       id: 1107512,
53 silly audit report       url: 'https://github.com/advisories/GHSA-4342-x723-ch2f',
53 silly audit report       title: 'Next.js Improper Middleware Redirect Handling Leads to SSRF',
53 silly audit report       severity: 'moderate',
53 silly audit report       vulnerable_versions: '>=0.9.9 <14.2.32',
53 silly audit report       cwe: [Array],
53 silly audit report       cvss: [Object]
53 silly audit report     },
53 silly audit report     {
53 silly audit report       id: 1107513,
53 silly audit report       url: 'https://github.com/advisories/GHSA-xv57-4mr9-wg8v',
53 silly audit report       title: 'Next.js Content Injection Vulnerability for Image Optimization',
53 silly audit report       severity: 'moderate',
53 silly audit report       vulnerable_versions: '>=0.9.9 <14.2.31',
53 silly audit report       cwe: [Array],
53 silly audit report       cvss: [Object]
53 silly audit report     },
53 silly audit report     {
53 silly audit report       id: 1108291,
53 silly audit report       url: 'https://github.com/advisories/GHSA-qpjv-v59x-3qc4',
53 silly audit report       title: 'Next.js Race Condition to Cache Poisoning',
53 silly audit report       severity: 'low',
53 silly audit report       vulnerable_versions: '>=0.9.9 <14.2.24',
53 silly audit report       cwe: [Array],
53 silly audit report       cvss: [Object]
53 silly audit report     },
53 silly audit report     {
53 silly audit report       id: 1108953,
53 silly audit report       url: 'https://github.com/advisories/GHSA-f82v-jwr5-mffw',
53 silly audit report       title: 'Authorization Bypass in Next.js Middleware',
53 silly audit report       severity: 'critical',
53 silly audit report       vulnerable_versions: '>=14.0.0 <14.2.25',
53 silly audit report       cwe: [Array],
53 silly audit report       cvss: [Object]
53 silly audit report     }
53 silly audit report   ]
53 silly audit report }
54 silly packumentCache corgi:https://registry.npmjs.org/cookie cache-miss
55 silly packumentCache corgi:https://registry.npmjs.org/next cache-miss
56 http fetch GET 200 https://registry.npmjs.org/cookie 52ms (cache revalidated)
57 silly packumentCache corgi:https://registry.npmjs.org/cookie set size:22175 disposed:false
58 http fetch GET 200 https://registry.npmjs.org/next 74ms (cache revalidated)
59 silly packumentCache corgi:https://registry.npmjs.org/next set size:22484707 disposed:false
60 silly packumentCache corgi:https://registry.npmjs.org/iron-session cache-miss
61 http fetch GET 200 https://registry.npmjs.org/iron-session 204ms (cache revalidated)
62 silly packumentCache corgi:https://registry.npmjs.org/iron-session set size:100988 disposed:false
63 silly ADD node_modules/mini-svg-data-uri
64 silly ADD node_modules/@tailwindcss/typography
65 silly ADD node_modules/@tailwindcss/typography/node_modules/postcss-selector-parser
66 silly ADD node_modules/@tailwindcss/forms
67 verbose cwd /Users/nurahmed/Developer/email-api
68 verbose os Darwin 25.1.0
69 verbose node v24.10.0
70 verbose npm  v11.6.0
71 verbose exit 0
72 info ok
